Build started 10/20/2015 9:05:00 AM.
     1>Project "C:\OpenHaptics\Developer\3.4.0\examples\HD\graphics\CoulombField\CoulombField_VS2010.vcxproj" on node 2 (Build target(s)).
     1>ClCompile:
         C:\Program Files (x86)\Microsoft Visual Studio 10.0\VC\bin\CL.exe /c /I..\include /IC:\OpenHaptics\Developer\3.4.0\include /IC:\OpenHaptics\Developer\3.4.0\utilities\include /Zi /nologo /W3 /WX- /O2 /Ob1 /Oy- /D WIN32 /D NDEBUG /D _CONSOLE /D _VC80_UPGRADE=0x0600 /D _MBCS /GF /Gm- /EHsc /MD /GS /Gy /fp:precise /Zc:wchar_t /Zc:forScope /Fo".\Release/" /Fd".\Release/vc100.pdb" /Gd /TP /analyze- /errorReport:prompt helper.cpp main.cpp
         helper.cpp
         main.cpp
         Generating Code...
       Link:
         C:\Program Files (x86)\Microsoft Visual Studio 10.0\VC\bin\link.exe /ERRORREPORT:PROMPT /OUT:".\Release/CoulombField.exe" /INCREMENTAL:NO /NOLOGO /LIBPATH:C:\OpenHaptics\Developer\3.4.0\lib\Win32\Release /LIBPATH:C:\OpenHaptics\Developer\3.4.0\utilities\lib\Win32\Release /LIBPATH:C:\OpenHaptics\Developer\3.4.0\lib\Win32 hdu.lib hd.lib glut32.lib kernel32.lib user32.lib gdi32.lib winspool.lib comdlg32.lib advapi32.lib shell32.lib ole32.lib oleaut32.lib uuid.lib odbc32.lib odbccp32.lib /MANIFEST /ManifestFile:".\Release\CoulombField.exe.intermediate.manifest" /MANIFESTUAC:"level='asInvoker' uiAccess='false'" /PDB:".\Release/CoulombField.pdb" /SUBSYSTEM:CONSOLE /TLBID:1 /DYNAMICBASE /NXCOMPAT /IMPLIB:".\Release\CoulombField.lib" /MACHINE:X86 .\Release/helper.obj
         .\Release/main.obj
         CoulombField_VS2010.vcxproj -> C:\OpenHaptics\Developer\3.4.0\examples\HD\graphics\CoulombField\.\Release\CoulombField.exe
       Manifest:
         C:\Program Files (x86)\Microsoft SDKs\Windows\v7.0A\bin\mt.exe /nologo /verbose /outputresource:".\Release/CoulombField.exe;#1" /manifest .\Release\CoulombField.exe.intermediate.manifest
       PostBuildEvent:
         echo on
         mkdir C:\OpenHaptics\Developer\3.4.0\examples\HD\graphics\CoulombField\\..\..\bin\Win32\HD
         copy ".\Release\\CoulombField.exe" "C:\OpenHaptics\Developer\3.4.0\examples\HD\graphics\CoulombField\\..\..\bin\Win32\HD
         :VCEnd
                 1 file(s) copied.
     1>Done Building Project "C:\OpenHaptics\Developer\3.4.0\examples\HD\graphics\CoulombField\CoulombField_VS2010.vcxproj" (Build target(s)).

Build succeeded.

Time Elapsed 00:00:01.43
